<?xml version="1.0" encoding="UTF-8"?>
<!-- Generated by org.testng.reporters.JUnitReportReporter -->
<testsuite hostname="DESKTOP-IGE51B4" failures="0" tests="2" name="com.test.Test_Paper_type" time="11.746" errors="0" timestamp="2023-04-25T16:21:36 IST" skipped="0">
  <testcase classname="com.test.Test_Paper_type" name="verifyLaunch" time="3.351"/>
  <system-out/>
  <testcase classname="com.test.Test_Paper_type" name="verifyCreateOrder" time="8.395"/>
  <system-out/>
</testsuite> <!-- com.test.Test_Paper_type -->
